# JRE version: Java(TM) SE Runtime Environment (8.0_92-b14) (build 1.8.0_92-b14)
# Java VM: Java HotSpot(TM) Client VM (25.92-b14 mixed mode windows-x86 )
Heap:
 def new generation   total 39424K, used 28777K [0x05400000, 0x07ec0000, 0x0fea0000)
  eden space 35072K,  73% used [0x05400000, 0x06d1f1b8, 0x07640000)
  from space 4352K,  70% used [0x07640000, 0x0793b578, 0x07a80000)
  to   space 4352K,   0% used [0x07a80000, 0x07a80000, 0x07ec0000)
 tenured generation   total 87424K, used 44151K [0x0fea0000, 0x15400000, 0x25400000)
   the space 87424K,  50% used [0x0fea0000, 0x129bdd90, 0x129bde00, 0x15400000)
 Metaspace       used 18684K, capacity 19154K, committed 19200K, reserved 19840K
GC Heap History (10 events):
Event: 20035.483 GC heap before
{Heap before GC invocations=38 (full 1):
 def new generation   total 39424K, used 35074K [0x05400000, 0x07ec0000, 0x0fea0000)
  eden space 35072K, 100% used [0x05400000, 0x07640000, 0x07640000)
  from space 4352K,   0% used [0x07a80000, 0x07a80960, 0x07ec0000)
  to   space 4352K,   0% used [0x07640000, 0x07640000, 0x07a80000)
 tenured generation   total 87424K, used 41764K [0x0fea0000, 0x15400000, 0x25400000)
   the space 87424K,  47% used [0x0fea0000, 0x12769200, 0x12769200, 0x15400000)
 Metaspace       used 18680K, capacity 19146K, committed 19200K, reserved 19840K
Event: 20035.487 GC heap after
Heap after GC invocations=39 (full 1):
 def new generation   total 39424K, used 2K [0x05400000, 0x07ec0000, 0x0fea0000)
  eden space 35072K,   0% used [0x05400000, 0x05400000, 0x07640000)
  from space 4352K,   0% used [0x07640000, 0x07640900, 0x07a80000)
  to   space 4352K,   0% used [0x07a80000, 0x07a80000, 0x07ec0000)
 tenured generation   total 87424K, used 41764K [0x0fea0000, 0x15400000, 0x25400000)
   the space 87424K,  47% used [0x0fea0000, 0x12769200, 0x12769200, 0x15400000)
 Metaspace       used 18680K, capacity 19146K, committed 19200K, reserved 19840K
}
Event: 20658.509 GC heap before
{Heap before GC invocations=39 (full 1):
 def new generation   total 39424K, used 35074K [0x05400000, 0x07ec0000, 0x0fea0000)
  eden space 35072K, 100% used [0x05400000, 0x07640000, 0x07640000)
  from space 4352K,   0% used [0x07640000, 0x07640900, 0x07a80000)
  to   space 4352K,   0% used [0x07a80000, 0x07a80000, 0x07ec0000)
 tenured generation   total 87424K, used 41764K [0x0fea0000, 0x15400000, 0x25400000)
   the space 87424K,  47% used [0x0fea0000, 0x12769200, 0x12769200, 0x15400000)
 Metaspace       used 18680K, capacity 19146K, committed 19200K, reserved 19840K
Event: 20658.515 GC heap after
Heap after GC invocations=40 (full 1):
 def new generation   total 39424K, used 2K [0x05400000, 0x07ec0000, 0x0fea0000)
  eden space 35072K,   0% used [0x05400000, 0x05400000, 0x07640000)
  from space 4352K,   0% used [0x07a80000, 0x07a80900, 0x07ec0000)
  to   space 4352K,   0% used [0x07640000, 0x07640000, 0x07a80000)
 tenured generation   total 87424K, used 41764K [0x0fea0000, 0x15400000, 0x25400000)
   the space 87424K,  47% used [0x0fea0000, 0x12769200, 0x12769200, 0x15400000)
 Metaspace       used 18680K, capacity 19146K, committed 19200K, reserved 19840K
}
Event: 21267.538 GC heap before
{Heap before GC invocations=40 (full 1):
 def new generation   total 39424K, used 34220K [0x05400000, 0x07ec0000, 0x0fea0000)
  eden space 35072K,  97% used [0x05400000, 0x0756aa70, 0x07640000)
  from space 4352K,   0% used [0x07a80000, 0x07a80900, 0x07ec0000)
  to   space 4352K,   0% used [0x07640000, 0x07640000, 0x07a80000)
 tenured generation   total 87424K, used 41764K [0x0fea0000, 0x15400000, 0x25400000)
   the space 87424K,  47% used [0x0fea0000, 0x12769200, 0x12769200, 0x15400000)
 Metaspace       used 18680K, capacity 19146K, committed 19200K, reserved 19840K
Event: 21267.540 GC heap after
Heap after GC invocations=41 (full 1):
 def new generation   total 39424K, used 7K [0x05400000, 0x07ec0000, 0x0fea0000)
  eden space 35072K,   0% used [0x05400000, 0x05400000, 0x07640000)
  from space 4352K,   0% used [0x07640000, 0x07641c38, 0x07a80000)
  to   space 4352K,   0% used [0x07a80000, 0x07a80000, 0x07ec0000)
 tenured generation   total 87424K, used 41764K [0x0fea0000, 0x15400000, 0x25400000)
   the space 87424K,  47% used [0x0fea0000, 0x12769200, 0x12769200, 0x15400000)
 Metaspace       used 18680K, capacity 19146K, committed 19200K, reserved 19840K
}
Event: 21836.407 GC heap before
{Heap before GC invocations=41 (full 1):
 def new generation   total 39424K, used 35079K [0x05400000, 0x07ec0000, 0x0fea0000)
  eden space 35072K, 100% used [0x05400000, 0x07640000, 0x07640000)
  from space 4352K,   0% used [0x07640000, 0x07641c38, 0x07a80000)
  to   space 4352K,   0% used [0x07a80000, 0x07a80000, 0x07ec0000)
 tenured generation   total 87424K, used 41764K [0x0fea0000, 0x15400000, 0x25400000)
   the space 87424K,  47% used [0x0fea0000, 0x12769200, 0x12769200, 0x15400000)
 Metaspace       used 18680K, capacity 19146K, committed 19200K, reserved 19840K
Event: 21836.410 GC heap after
Heap after GC invocations=42 (full 1):
 def new generation   total 39424K, used 2734K [0x05400000, 0x07ec0000, 0x0fea0000)
  eden space 35072K,   0% used [0x05400000, 0x05400000, 0x07640000)
  from space 4352K,  62% used [0x07a80000, 0x07d2b980, 0x07ec0000)
  to   space 4352K,   0% used [0x07640000, 0x07640000, 0x07a80000)
 tenured generation   total 87424K, used 41764K [0x0fea0000, 0x15400000, 0x25400000)
   the space 87424K,  47% used [0x0fea0000, 0x12769200, 0x12769200, 0x15400000)
 Metaspace       used 18680K, capacity 19146K, committed 19200K, reserved 19840K
}
Event: 22158.305 GC heap before
{Heap before GC invocations=42 (full 1):
 def new generation   total 39424K, used 37806K [0x05400000, 0x07ec0000, 0x0fea0000)
  eden space 35072K, 100% used [0x05400000, 0x07640000, 0x07640000)
  from space 4352K,  62% used [0x07a80000, 0x07d2b980, 0x07ec0000)
  to   space 4352K,   0% used [0x07640000, 0x07640000, 0x07a80000)
 tenured generation   total 87424K, used 41764K [0x0fea0000, 0x15400000, 0x25400000)
   the space 87424K,  47% used [0x0fea0000, 0x12769200, 0x12769200, 0x15400000)
 Metaspace       used 18684K, capacity 19154K, committed 19200K, reserved 19840K
Event: 22158.315 GC heap after
Heap after GC invocations=43 (full 1):
 def new generation   total 39424K, used 3053K [0x05400000, 0x07ec0000, 0x0fea0000)
  eden space 35072K,   0% used [0x05400000, 0x05400000, 0x07640000)
  from space 4352K,  70% used [0x07640000, 0x0793b578, 0x07a80000)
  to   space 4352K,   0% used [0x07a80000, 0x07a80000, 0x07ec0000)
 tenured generation   total 87424K, used 44151K [0x0fea0000, 0x15400000, 0x25400000)
   the space 87424K,  50% used [0x0fea0000, 0x129bdd90, 0x129bde00, 0x15400000)
 Metaspace       used 18684K, capacity 19154K, committed 19200K, reserved 19840K
}

